[30-Aug-2018 12:17:28 UTC] PHP Parse error:  syntax error, unexpected '<', expecting end of file in /var/www/wordpress/wp-content/themes/page5ph/functions.php on line 136
[30-Aug-2018 12:18:03 UTC] PHP Parse error:  syntax error, unexpected '<', expecting end of file in /var/www/wordpress/wp-content/themes/page5ph/functions.php on line 136
[30-Aug-2018 12:18:29 UTC] PHP Parse error:  syntax error, unexpected '<', expecting end of file in /var/www/wordpress/wp-content/themes/page5ph/functions.php on line 136
[30-Aug-2018 12:20:03 UTC] PHP Parse error:  syntax error, unexpected '<', expecting end of file in /var/www/wordpress/wp-content/themes/page5ph/functions.php on line 136
[30-Aug-2018 12:20:34 UTC] PHP Parse error:  syntax error, unexpected '<', expecting end of file in /var/www/wordpress/wp-content/themes/page5ph/functions.php on line 136
[30-Aug-2018 12:21:34 UTC] PHP Parse error:  syntax error, unexpected '<', expecting end of file in /var/www/wordpress/wp-content/themes/page5ph/functions.php on line 136
[30-Aug-2018 12:22:04 UTC] PHP Parse error:  syntax error, unexpected '<', expecting end of file in /var/www/wordpress/wp-content/themes/page5ph/functions.php on line 136
[30-Aug-2018 12:22:34 UTC] PHP Parse error:  syntax error, unexpected '<', expecting end of file in /var/www/wordpress/wp-content/themes/page5ph/functions.php on line 136
[30-Aug-2018 12:23:35 UTC] PHP Parse error:  syntax error, unexpected '<', expecting end of file in /var/www/wordpress/wp-content/themes/page5ph/functions.php on line 136
[30-Aug-2018 12:23:42 UTC] PHP Parse error:  syntax error, unexpected '<', expecting end of file in /var/www/wordpress/wp-content/themes/page5ph/functions.php on line 136
[30-Aug-2018 12:24:05 UTC] PHP Parse error:  syntax error, unexpected '<', expecting end of file in /var/www/wordpress/wp-content/themes/page5ph/functions.php on line 136
[30-Aug-2018 14:33:03 UTC] PHP Warning:  file_get_contents(/var/www/wordpress/wp-content/plugins/ad-inserter/includes/js/ai-load.min.js): failed to open stream: No such file or directory in /var/www/wordpress/wp-content/plugins/ad-inserter/ad-inserter.php on line 1326
[30-Aug-2018 14:33:03 UTC] PHP Stack trace:
[30-Aug-2018 14:33:03 UTC] PHP   1. {main}() /var/www/wordpress/wp-admin/admin-ajax.php:0
[30-Aug-2018 14:33:03 UTC] PHP   2. do_action() /var/www/wordpress/wp-admin/admin-ajax.php:100
[30-Aug-2018 14:33:03 UTC] PHP   3. WP_Hook->do_action() /var/www/wordpress/wp-includes/plugin.php:453
[30-Aug-2018 14:33:03 UTC] PHP   4. WP_Hook->apply_filters() /var/www/wordpress/wp-includes/class-wp-hook.php:310
[30-Aug-2018 14:33:03 UTC] PHP   5. ai_ajax_backend() /var/www/wordpress/wp-includes/class-wp-hook.php:286
[30-Aug-2018 14:33:03 UTC] PHP   6. generate_code_preview() /var/www/wordpress/wp-content/plugins/ad-inserter/ad-inserter.php:3615
[30-Aug-2018 14:33:03 UTC] PHP   7. ai_get_js() /var/www/wordpress/wp-content/plugins/ad-inserter/includes/preview.php:2136
[30-Aug-2018 14:33:03 UTC] PHP   8. file_get_contents() /var/www/wordpress/wp-content/plugins/ad-inserter/ad-inserter.php:1326
[30-Aug-2018 14:37:23 UTC] PHP Warning:  An unexpected error occurred. Something may be wrong with WordPress.org or this server&#8217;s configuration. If you continue to have problems, please try the <a href="https://wordpress.org/support/">support forums</a>. (WordPress could not establish a secure connection to WordPress.org. Please contact your server administrator.) in /var/www/wordpress/wp-includes/update.php on line 347
[30-Aug-2018 14:37:23 UTC] PHP Stack trace:
[30-Aug-2018 14:37:23 UTC] PHP   1. {main}() /var/www/wordpress/wp-admin/admin-ajax.php:0
[30-Aug-2018 14:37:23 UTC] PHP   2. do_action() /var/www/wordpress/wp-admin/admin-ajax.php:100
[30-Aug-2018 14:37:23 UTC] PHP   3. WP_Hook->do_action() /var/www/wordpress/wp-includes/plugin.php:453
[30-Aug-2018 14:37:23 UTC] PHP   4. WP_Hook->apply_filters() /var/www/wordpress/wp-includes/class-wp-hook.php:310
[30-Aug-2018 14:37:23 UTC] PHP   5. wp_ajax_install_plugin() /var/www/wordpress/wp-includes/class-wp-hook.php:286
[30-Aug-2018 14:37:23 UTC] PHP   6. Plugin_Upgrader->install() /var/www/wordpress/wp-admin/includes/ajax-actions.php:3695
[30-Aug-2018 14:37:23 UTC] PHP   7. WP_Upgrader->run() /var/www/wordpress/wp-admin/includes/class-plugin-upgrader.php:107
[30-Aug-2018 14:37:23 UTC] PHP   8. do_action() /var/www/wordpress/wp-admin/includes/class-wp-upgrader.php:793
[30-Aug-2018 14:37:23 UTC] PHP   9. WP_Hook->do_action() /var/www/wordpress/wp-includes/plugin.php:453
[30-Aug-2018 14:37:23 UTC] PHP  10. WP_Hook->apply_filters() /var/www/wordpress/wp-includes/class-wp-hook.php:310
[30-Aug-2018 14:37:23 UTC] PHP  11. wp_update_plugins() /var/www/wordpress/wp-includes/class-wp-hook.php:284
[30-Aug-2018 14:37:23 UTC] PHP  12. trigger_error() /var/www/wordpress/wp-includes/update.php:347
[30-Aug-2018 14:37:35 UTC] PHP Warning:  An unexpected error occurred. Something may be wrong with WordPress.org or this server&#8217;s configuration. If you continue to have problems, please try the <a href="https://wordpress.org/support/">support forums</a>. (WordPress could not establish a secure connection to WordPress.org. Please contact your server administrator.) in /var/www/wordpress/wp-includes/update.php on line 347
[30-Aug-2018 14:37:35 UTC] PHP Stack trace:
[30-Aug-2018 14:37:35 UTC] PHP   1. {main}() /var/www/wordpress/wp-admin/plugins.php:0
[30-Aug-2018 14:37:35 UTC] PHP   2. require_once() /var/www/wordpress/wp-admin/plugins.php:10
[30-Aug-2018 14:37:35 UTC] PHP   3. do_action() /var/www/wordpress/wp-admin/admin.php:156
[30-Aug-2018 14:37:35 UTC] PHP   4. WP_Hook->do_action() /var/www/wordpress/wp-includes/plugin.php:453
[30-Aug-2018 14:37:35 UTC] PHP   5. WP_Hook->apply_filters() /var/www/wordpress/wp-includes/class-wp-hook.php:310
[30-Aug-2018 14:37:35 UTC] PHP   6. _maybe_update_plugins() /var/www/wordpress/wp-includes/class-wp-hook.php:286
[30-Aug-2018 14:37:35 UTC] PHP   7. wp_update_plugins() /var/www/wordpress/wp-includes/update.php:689
[30-Aug-2018 14:37:35 UTC] PHP   8. trigger_error() /var/www/wordpress/wp-includes/update.php:347
[30-Aug-2018 14:40:02 UTC] PHP Warning:  An unexpected error occurred. Something may be wrong with WordPress.org or this server&#8217;s configuration. If you continue to have problems, please try the <a href="https://wordpress.org/support/">support forums</a>. (WordPress could not establish a secure connection to WordPress.org. Please contact your server administrator.) in /var/www/wordpress/wp-includes/update.php on line 155
[30-Aug-2018 14:40:02 UTC] PHP Stack trace:
[30-Aug-2018 14:40:02 UTC] PHP   1. {main}() /var/www/wordpress/wp-admin/options-general.php:0
[30-Aug-2018 14:40:02 UTC] PHP   2. require_once() /var/www/wordpress/wp-admin/options-general.php:10
[30-Aug-2018 14:40:02 UTC] PHP   3. do_action() /var/www/wordpress/wp-admin/admin.php:156
[30-Aug-2018 14:40:02 UTC] PHP   4. WP_Hook->do_action() /var/www/wordpress/wp-includes/plugin.php:453
[30-Aug-2018 14:40:02 UTC] PHP   5. WP_Hook->apply_filters() /var/www/wordpress/wp-includes/class-wp-hook.php:310
[30-Aug-2018 14:40:02 UTC] PHP   6. _maybe_update_core() /var/www/wordpress/wp-includes/class-wp-hook.php:286
[30-Aug-2018 14:40:02 UTC] PHP   7. wp_version_check() /var/www/wordpress/wp-includes/update.php:673
[30-Aug-2018 14:40:02 UTC] PHP   8. trigger_error() /var/www/wordpress/wp-includes/update.php:155
[30-Aug-2018 14:53:58 UTC] PHP Fatal error:  Uncaught Error: Call to undefined function the_add() in /var/www/wordpress/wp-content/themes/page5ph/template-parts/header-adver.php:4
Stack trace:
#0 /var/www/wordpress/wp-content/themes/page5ph/header.php(26): include_once()
#1 /var/www/wordpress/wp-includes/template.php(688): require_once('/var/www/wordpr...')
#2 /var/www/wordpress/wp-includes/template.php(647): load_template('/var/www/wordpr...', true)
#3 /var/www/wordpress/wp-includes/general-template.php(41): locate_template(Array, true)
#4 /var/www/wordpress/wp-content/themes/page5ph/index.php(15): get_header()
#5 /var/www/wordpress/wp-includes/template-loader.php(74): include('/var/www/wordpr...')
#6 /var/www/wordpress/wp-blog-header.php(19): require_once('/var/www/wordpr...')
#7 /var/www/wordpress/index.php(17): require('/var/www/wordpr...')
#8 {main}
  thrown in /var/www/wordpress/wp-content/themes/page5ph/template-parts/header-adver.php on line 4
[30-Aug-2018 14:54:15 UTC] PHP Fatal error:  Uncaught Error: Call to undefined function the_add() in /var/www/wordpress/wp-content/themes/page5ph/template-parts/header-adver.php:4
Stack trace:
#0 /var/www/wordpress/wp-content/themes/page5ph/header.php(26): include_once()
#1 /var/www/wordpress/wp-includes/template.php(688): require_once('/var/www/wordpr...')
#2 /var/www/wordpress/wp-includes/template.php(647): load_template('/var/www/wordpr...', true)
#3 /var/www/wordpress/wp-includes/general-template.php(41): locate_template(Array, true)
#4 /var/www/wordpress/wp-content/themes/page5ph/index.php(15): get_header()
#5 /var/www/wordpress/wp-includes/template-loader.php(74): include('/var/www/wordpr...')
#6 /var/www/wordpress/wp-blog-header.php(19): require_once('/var/www/wordpr...')
#7 /var/www/wordpress/index.php(17): require('/var/www/wordpr...')
#8 {main}
  thrown in /var/www/wordpress/wp-content/themes/page5ph/template-parts/header-adver.php on line 4
[30-Aug-2018 14:54:30 UTC] PHP Fatal error:  Uncaught Error: Call to undefined function the_add() in /var/www/wordpress/wp-content/themes/page5ph/template-parts/header-adver.php:4
Stack trace:
#0 /var/www/wordpress/wp-content/themes/page5ph/header.php(26): include_once()
#1 /var/www/wordpress/wp-includes/template.php(688): require_once('/var/www/wordpr...')
#2 /var/www/wordpress/wp-includes/template.php(647): load_template('/var/www/wordpr...', true)
#3 /var/www/wordpress/wp-includes/general-template.php(41): locate_template(Array, true)
#4 /var/www/wordpress/wp-content/themes/page5ph/index.php(15): get_header()
#5 /var/www/wordpress/wp-includes/template-loader.php(74): include('/var/www/wordpr...')
#6 /var/www/wordpress/wp-blog-header.php(19): require_once('/var/www/wordpr...')
#7 /var/www/wordpress/index.php(17): require('/var/www/wordpr...')
#8 {main}
  thrown in /var/www/wordpress/wp-content/themes/page5ph/template-parts/header-adver.php on line 4
[30-Aug-2018 15:43:55 UTC] PHP Warning:  include_once(template-parts/header/header-adverpre-adver.php): failed to open stream: No such file or directory in /var/www/wordpress/wp-content/themes/page5ph/header.php on line 28
[30-Aug-2018 15:43:55 UTC] PHP Stack trace:
[30-Aug-2018 15:43:55 UTC] PHP   1. {main}() /var/www/wordpress/index.php:0
[30-Aug-2018 15:43:55 UTC] PHP   2. require() /var/www/wordpress/index.php:17
[30-Aug-2018 15:43:55 UTC] PHP   3. require_once() /var/www/wordpress/wp-blog-header.php:19
[30-Aug-2018 15:43:55 UTC] PHP   4. include() /var/www/wordpress/wp-includes/template-loader.php:74
[30-Aug-2018 15:43:55 UTC] PHP   5. get_header() /var/www/wordpress/wp-content/themes/page5ph/index.php:15
[30-Aug-2018 15:43:55 UTC] PHP   6. locate_template() /var/www/wordpress/wp-includes/general-template.php:41
[30-Aug-2018 15:43:55 UTC] PHP   7. load_template() /var/www/wordpress/wp-includes/template.php:647
[30-Aug-2018 15:43:55 UTC] PHP   8. require_once() /var/www/wordpress/wp-includes/template.php:688
[30-Aug-2018 15:43:55 UTC] PHP Warning:  include_once(): Failed opening 'template-parts/header/header-adverpre-adver.php' for inclusion (include_path='.:/usr/share/php') in /var/www/wordpress/wp-content/themes/page5ph/header.php on line 28
[30-Aug-2018 15:43:55 UTC] PHP Stack trace:
[30-Aug-2018 15:43:55 UTC] PHP   1. {main}() /var/www/wordpress/index.php:0
[30-Aug-2018 15:43:55 UTC] PHP   2. require() /var/www/wordpress/index.php:17
[30-Aug-2018 15:43:55 UTC] PHP   3. require_once() /var/www/wordpress/wp-blog-header.php:19
[30-Aug-2018 15:43:55 UTC] PHP   4. include() /var/www/wordpress/wp-includes/template-loader.php:74
[30-Aug-2018 15:43:55 UTC] PHP   5. get_header() /var/www/wordpress/wp-content/themes/page5ph/index.php:15
[30-Aug-2018 15:43:55 UTC] PHP   6. locate_template() /var/www/wordpress/wp-includes/general-template.php:41
[30-Aug-2018 15:43:55 UTC] PHP   7. load_template() /var/www/wordpress/wp-includes/template.php:647
[30-Aug-2018 15:43:55 UTC] PHP   8. require_once() /var/www/wordpress/wp-includes/template.php:688
